<?xml version="1.0" encoding="UTF-8"?>
<!-- Generated by org.testng.reporters.JUnitXMLReporter -->
<testsuite hostname="LAPTOP-CJQ9RU0K" ignored="3" name="Default test(failed)(failed)" tests="2" failures="1" timestamp="2023-01-05T16:49:28 IST" time="22.288" errors="0">
  <testcase name="Test5" time="0.082" classname="FrameworkKekwords.FailedTest">
    <failure type="java.lang.AssertionError" message="expected [false] but found [true]">
      <![CDATA[java.lang.AssertionError: expected [false] but found [true]
at FrameworkKekwords.FailedTest.Test5(FailedTest.java:54)
at java.util.ArrayList.forEach(Unknown Source)
... Removed 32 stack frames]]>
    </failure>
  </testcase> <!-- Test5 -->
  <testcase name="Test3" time="0.023" classname="FrameworkKekwords.FailedTest"/>
  <testcase name="Test2" time="0.0" classname="FrameworkKekwords.FailedTest">
    <ignored/>
  </testcase> <!-- Test2 -->
  <testcase name="Test1" time="0.0" classname="FrameworkKekwords.FailedTest">
    <ignored/>
  </testcase> <!-- Test1 -->
  <testcase name="Test4" time="0.0" classname="FrameworkKekwords.FailedTest">
    <ignored/>
  </testcase> <!-- Test4 -->
</testsuite> <!-- Default test(failed)(failed) -->
